C:\Program Files (x86)\MSBuild\Microsoft.Cpp\v4.0\V140\Microsoft.CppBuild.targets(368,5): warning MSB8004: Output Directory does not end with a trailing slash.  This build instance will add the slash as it is required to allow proper evaluation of the Output Directory.
  XRtmp.cpp
e:\ffmpeg\include\libavutil\rational.h : warning C4819: 该文件包含不能在当前代码页(936)中表示的字符。请将该文件保存为 Unicode 格式以防止数据丢失
e:\ffmpeg\include\libavcodec\avcodec.h(1407): warning C4099: “AVPacket”: 类型名称以前使用“class”现在使用的是“struct”
  e:\ffmpeg\include\libavcodec\avcodec.h(1407): note: 参见“AVPacket”的声明
e:\ffmpeg\include\libavcodec\avcodec.h(1518): warning C4099: “AVCodecContext”: 类型名称以前使用“class”现在使用的是“struct”
  e:\ffmpeg\include\libavcodec\avcodec.h(1518): note: 参见“AVCodecContext”的声明
e:\ffmpeg\src\viewcamera\xrtmp.cpp(115): warning C4996: 'av_register_all': 被声明为已否决
  e:\ffmpeg\include\libavformat\avformat.h(2025): note: 参见“av_register_all”的声明
  main.cpp
e:\ffmpeg\include\opencv2\core\mat.hpp(2586): warning C4819: 该文件包含不能在当前代码页(936)中表示的字符。请将该文件保存为 Unicode 格式以防止数据丢失
e:\ffmpeg\include\opencv2\core\persistence.hpp : warning C4819: 该文件包含不能在当前代码页(936)中表示的字符。请将该文件保存为 Unicode 格式以防止数据丢失
e:\ffmpeg\include\opencv2\core\utility.hpp : warning C4819: 该文件包含不能在当前代码页(936)中表示的字符。请将该文件保存为 Unicode 格式以防止数据丢失
e:\ffmpeg\include\opencv2\core\utility.hpp : warning C4819: 该文件包含不能在当前代码页(936)中表示的字符。请将该文件保存为 Unicode 格式以防止数据丢失
e:\ffmpeg\src\viewcamera\xrtmp.h(3): warning C4099: “AVPacket”: 类型名称以前使用“struct”现在使用的是“class”
  e:\ffmpeg\src\viewcamera\xmediaencode.h(4): note: 参见“AVPacket”的声明
e:\ffmpeg\src\viewcamera\main.cpp(39): warning C4244: “初始化”: 从“double”转换到“int”，可能丢失数据
e:\ffmpeg\src\viewcamera\main.cpp(40): warning C4244: “初始化”: 从“double”转换到“int”，可能丢失数据
e:\ffmpeg\src\viewcamera\main.cpp(43): warning C4244: “初始化”: 从“double”转换到“int”，可能丢失数据
  正在生成代码...
  viewcamera.vcxproj -> E:\ffmpeg\src\viewcamera\..\..\bin\viewcamera.exe
  viewcamera.vcxproj -> ..\..\bin\viewcamera.pdb (Full PDB)
